[16:29:16] [ServerMain/INFO]: Environment: Environment[sessionHost=https://sessionserver.mojang.com, servicesHost=https://api.minecraftservices.com, name=PROD]
[16:29:17] [ServerMain/INFO]: No existing world data, creating new world
[16:29:17] [ServerMain/INFO]: Loaded 1290 recipes
[16:29:17] [ServerMain/INFO]: Loaded 1399 advancements
[16:29:18] [Server thread/INFO]: Starting minecraft server version 1.21
[16:29:18] [Server thread/INFO]: Loading properties
[16:29:18] [Server thread/INFO]: Default game type: SURVIVAL
[16:29:18] [Server thread/INFO]: Generating keypair
[16:29:18] [Server thread/INFO]: Starting Minecraft server on *:25565
[16:29:18] [Server thread/INFO]: Using epoll channel type
[16:29:18] [Server thread/WARN]: **** SERVER IS RUNNING IN OFFLINE/INSECURE MODE!
[16:29:18] [Server thread/WARN]: The server will make no attempt to authenticate usernames. Beware.
[16:29:18] [Server thread/WARN]: While this makes the game possible to play without internet access, it also opens up the ability for hackers to connect with any username they choose.
[16:29:18] [Server thread/WARN]: To change this, set "online-mode" to "true" in the server.properties file.
[16:29:18] [Server thread/INFO]: Preparing level "world"
[16:29:25] [Server thread/INFO]: Preparing start region for dimension minecraft:overworld
[16:29:25] [Worker-Main-3/INFO]: Preparing spawn area: 2%
[16:29:25] [Worker-Main-3/INFO]: Preparing spawn area: 2%
[16:29:26] [Worker-Main-3/INFO]: Preparing spawn area: 2%
[16:29:26] [Worker-Main-3/INFO]: Preparing spawn area: 2%
[16:29:27] [Worker-Main-3/INFO]: Preparing spawn area: 18%
[16:29:27] [Worker-Main-1/INFO]: Preparing spawn area: 18%
[16:29:28] [Worker-Main-1/INFO]: Preparing spawn area: 26%
[16:29:28] [Worker-Main-3/INFO]: Preparing spawn area: 51%
[16:29:29] [Worker-Main-2/INFO]: Preparing spawn area: 51%
[16:29:29] [Worker-Main-3/INFO]: Preparing spawn area: 51%
[16:29:30] [Worker-Main-1/INFO]: Preparing spawn area: 51%
[16:29:30] [Server thread/INFO]: Time elapsed: 5529 ms
[16:29:30] [Server thread/INFO]: Done (12.001s)! For help, type "help"
